# JRE version: OpenJDK Runtime Environment (7.0_75-b13) (build 1.7.0_75-b13)
# Java VM: OpenJDK 64-Bit Server VM (24.75-b04 mixed mode linux-amd64 compressed oops)
Heap
 def new generation   total 13248K, used 710K [0x00000000d6600000, 0x00000000d7450000, 0x00000000e0ca0000)
  eden space 11840K,   6% used [0x00000000d6600000, 0x00000000d66b19c8, 0x00000000d7190000)
  from space 1408K,   0% used [0x00000000d7190000, 0x00000000d7190000, 0x00000000d72f0000)
  to   space 1408K,   0% used [0x00000000d72f0000, 0x00000000d72f0000, 0x00000000d7450000)
 tenured generation   total 29436K, used 29435K [0x00000000e0ca0000, 0x00000000e295f000, 0x00000000f5a00000)
   the space 29436K,  99% used [0x00000000e0ca0000, 0x00000000e295eff8, 0x00000000e295f000, 0x00000000e295f000)
 compacting perm gen  total 34048K, used 34031K [0x00000000f5a00000, 0x00000000f7b40000, 0x0000000100000000)
   the space 34048K,  99% used [0x00000000f5a00000, 0x00000000f7b3bde0, 0x00000000f7b3be00, 0x00000000f7b40000)
GC Heap History (10 events):
Event: 11.633 GC heap after
Heap after GC invocations=174 (full 2):
 def new generation   total 13248K, used 807K [0x00000000d6600000, 0x00000000d7450000, 0x00000000e0ca0000)
  eden space 11840K,   0% used [0x00000000d6600000, 0x00000000d6600000, 0x00000000d7190000)
  from space 1408K,  57% used [0x00000000d72f0000, 0x00000000d73b9f00, 0x00000000d7450000)
  to   space 1408K,   0% used [0x00000000d7190000, 0x00000000d7190000, 0x00000000d72f0000)
 tenured generation   total 29244K, used 28576K [0x00000000e0ca0000, 0x00000000e292f000, 0x00000000f5a00000)
   the space 29244K,  97% used [0x00000000e0ca0000, 0x00000000e2888028, 0x00000000e2888200, 0x00000000e292f000)
 compacting perm gen  total 34048K, used 34031K [0x00000000f5a00000, 0x00000000f7b40000, 0x0000000100000000)
   the space 34048K,  99% used [0x00000000f5a00000, 0x00000000f7b3bde0, 0x00000000f7b3be00, 0x00000000f7b40000)
No shared spaces configured.
}
Event: 11.648 GC heap before
{Heap before GC invocations=174 (full 2):
 def new generation   total 13248K, used 12647K [0x00000000d6600000, 0x00000000d7450000, 0x00000000e0ca0000)
  eden space 11840K, 100% used [0x00000000d6600000, 0x00000000d7190000, 0x00000000d7190000)
  from space 1408K,  57% used [0x00000000d72f0000, 0x00000000d73b9f00, 0x00000000d7450000)
  to   space 1408K,   0% used [0x00000000d7190000, 0x00000000d7190000, 0x00000000d72f0000)
 tenured generation   total 29244K, used 28576K [0x00000000e0ca0000, 0x00000000e292f000, 0x00000000f5a00000)
   the space 29244K,  97% used [0x00000000e0ca0000, 0x00000000e2888028, 0x00000000e2888200, 0x00000000e292f000)
 compacting perm gen  total 34048K, used 34031K [0x00000000f5a00000, 0x00000000f7b40000, 0x0000000100000000)
   the space 34048K,  99% used [0x00000000f5a00000, 0x00000000f7b3bde0, 0x00000000f7b3be00, 0x00000000f7b40000)
No shared spaces configured.
Event: 11.658 GC heap after
Heap after GC invocations=175 (full 2):
 def new generation   total 13248K, used 754K [0x00000000d6600000, 0x00000000d7450000, 0x00000000e0ca0000)
  eden space 11840K,   0% used [0x00000000d6600000, 0x00000000d6600000, 0x00000000d7190000)
  from space 1408K,  53% used [0x00000000d7190000, 0x00000000d724cb50, 0x00000000d72f0000)
  to   space 1408K,   0% used [0x00000000d72f0000, 0x00000000d72f0000, 0x00000000d7450000)
 tenured generation   total 29244K, used 28796K [0x00000000e0ca0000, 0x00000000e292f000, 0x00000000f5a00000)
   the space 29244K,  98% used [0x00000000e0ca0000, 0x00000000e28bf388, 0x00000000e28bf400, 0x00000000e292f000)
 compacting perm gen  total 34048K, used 34031K [0x00000000f5a00000, 0x00000000f7b40000, 0x0000000100000000)
   the space 34048K,  99% used [0x00000000f5a00000, 0x00000000f7b3bde0, 0x00000000f7b3be00, 0x00000000f7b40000)
No shared spaces configured.
}
Event: 11.670 GC heap before
{Heap before GC invocations=175 (full 2):
 def new generation   total 13248K, used 12594K [0x00000000d6600000, 0x00000000d7450000, 0x00000000e0ca0000)
  eden space 11840K, 100% used [0x00000000d6600000, 0x00000000d7190000, 0x00000000d7190000)
  from space 1408K,  53% used [0x00000000d7190000, 0x00000000d724cb50, 0x00000000d72f0000)
  to   space 1408K,   0% used [0x00000000d72f0000, 0x00000000d72f0000, 0x00000000d7450000)
 tenured generation   total 29244K, used 28796K [0x00000000e0ca0000, 0x00000000e292f000, 0x00000000f5a00000)
   the space 29244K,  98% used [0x00000000e0ca0000, 0x00000000e28bf388, 0x00000000e28bf400, 0x00000000e292f000)
 compacting perm gen  total 34048K, used 34031K [0x00000000f5a00000, 0x00000000f7b40000, 0x0000000100000000)
   the space 34048K,  99% used [0x00000000f5a00000, 0x00000000f7b3bde0, 0x00000000f7b3be00, 0x00000000f7b40000)
No shared spaces configured.
Event: 11.675 GC heap after
Heap after GC invocations=176 (full 2):
 def new generation   total 13248K, used 794K [0x00000000d6600000, 0x00000000d7450000, 0x00000000e0ca0000)
  eden space 11840K,   0% used [0x00000000d6600000, 0x00000000d6600000, 0x00000000d7190000)
  from space 1408K,  56% used [0x00000000d72f0000, 0x00000000d73b68a8, 0x00000000d7450000)
  to   space 1408K,   0% used [0x00000000d7190000, 0x00000000d7190000, 0x00000000d72f0000)
 tenured generation   total 29244K, used 28919K [0x00000000e0ca0000, 0x00000000e292f000, 0x00000000f5a00000)
   the space 29244K,  98% used [0x00000000e0ca0000, 0x00000000e28ddd40, 0x00000000e28dde00, 0x00000000e292f000)
 compacting perm gen  total 34048K, used 34031K [0x00000000f5a00000, 0x00000000f7b40000, 0x0000000100000000)
   the space 34048K,  99% used [0x00000000f5a00000, 0x00000000f7b3bde0, 0x00000000f7b3be00, 0x00000000f7b40000)
No shared spaces configured.
}
Event: 11.687 GC heap before
{Heap before GC invocations=176 (full 2):
 def new generation   total 13248K, used 12634K [0x00000000d6600000, 0x00000000d7450000, 0x00000000e0ca0000)
  eden space 11840K, 100% used [0x00000000d6600000, 0x00000000d7190000, 0x00000000d7190000)
  from space 1408K,  56% used [0x00000000d72f0000, 0x00000000d73b68a8, 0x00000000d7450000)
  to   space 1408K,   0% used [0x00000000d7190000, 0x00000000d7190000, 0x00000000d72f0000)
 tenured generation   total 29244K, used 28919K [0x00000000e0ca0000, 0x00000000e292f000, 0x00000000f5a00000)
   the space 29244K,  98% used [0x00000000e0ca0000, 0x00000000e28ddd40, 0x00000000e28dde00, 0x00000000e292f000)
 compacting perm gen  total 34048K, used 34031K [0x00000000f5a00000, 0x00000000f7b40000, 0x0000000100000000)
   the space 34048K,  99% used [0x00000000f5a00000, 0x00000000f7b3bde0, 0x00000000f7b3be00, 0x00000000f7b40000)
No shared spaces configured.
Event: 11.692 GC heap after
Heap after GC invocations=177 (full 2):
 def new generation   total 13248K, used 830K [0x00000000d6600000, 0x00000000d7450000, 0x00000000e0ca0000)
  eden space 11840K,   0% used [0x00000000d6600000, 0x00000000d6600000, 0x00000000d7190000)
  from space 1408K,  59% used [0x00000000d7190000, 0x00000000d725fbd0, 0x00000000d72f0000)
  to   space 1408K,   0% used [0x00000000d72f0000, 0x00000000d72f0000, 0x00000000d7450000)
 tenured generation   total 29244K, used 29039K [0x00000000e0ca0000, 0x00000000e292f000, 0x00000000f5a00000)
   the space 29244K,  99% used [0x00000000e0ca0000, 0x00000000e28fbcb0, 0x00000000e28fbe00, 0x00000000e292f000)
 compacting perm gen  total 34048K, used 34031K [0x00000000f5a00000, 0x00000000f7b40000, 0x0000000100000000)
   the space 34048K,  99% used [0x00000000f5a00000, 0x00000000f7b3bde0, 0x00000000f7b3be00, 0x00000000f7b40000)
No shared spaces configured.
}
Event: 11.706 GC heap before
{Heap before GC invocations=177 (full 2):
 def new generation   total 13248K, used 12670K [0x00000000d6600000, 0x00000000d7450000, 0x00000000e0ca0000)
  eden space 11840K, 100% used [0x00000000d6600000, 0x00000000d7190000, 0x00000000d7190000)
  from space 1408K,  59% used [0x00000000d7190000, 0x00000000d725fbd0, 0x00000000d72f0000)
  to   space 1408K,   0% used [0x00000000d72f0000, 0x00000000d72f0000, 0x00000000d7450000)
 tenured generation   total 29244K, used 29039K [0x00000000e0ca0000, 0x00000000e292f000, 0x00000000f5a00000)
   the space 29244K,  99% used [0x00000000e0ca0000, 0x00000000e28fbcb0, 0x00000000e28fbe00, 0x00000000e292f000)
 compacting perm gen  total 34048K, used 34031K [0x00000000f5a00000, 0x00000000f7b40000, 0x0000000100000000)
   the space 34048K,  99% used [0x00000000f5a00000, 0x00000000f7b3bde0, 0x00000000f7b3be00, 0x00000000f7b40000)
No shared spaces configured.
Event: 11.711 GC heap after
Heap after GC invocations=178 (full 2):
 def new generation   total 13248K, used 855K [0x00000000d6600000, 0x00000000d7450000, 0x00000000e0ca0000)
  eden space 11840K,   0% used [0x00000000d6600000, 0x00000000d6600000, 0x00000000d7190000)
  from space 1408K,  60% used [0x00000000d72f0000, 0x00000000d73c5f00, 0x00000000d7450000)
  to   space 1408K,   0% used [0x00000000d7190000, 0x00000000d7190000, 0x00000000d72f0000)
 tenured generation   total 29244K, used 29206K [0x00000000e0ca0000, 0x00000000e292f000, 0x00000000f5a00000)
   the space 29244K,  99% used [0x00000000e0ca0000, 0x00000000e29259c0, 0x00000000e2925a00, 0x00000000e292f000)
 compacting perm gen  total 34048K, used 34031K [0x00000000f5a00000, 0x00000000f7b40000, 0x0000000100000000)
   the space 34048K,  99% used [0x00000000f5a00000, 0x00000000f7b3bde0, 0x00000000f7b3be00, 0x00000000f7b40000)
No shared spaces configured.
}
Event: 11.740 GC heap before
{Heap before GC invocations=178 (full 2):
 def new generation   total 13248K, used 12695K [0x00000000d6600000, 0x00000000d7450000, 0x00000000e0ca0000)
  eden space 11840K, 100% used [0x00000000d6600000, 0x00000000d7190000, 0x00000000d7190000)
  from space 1408K,  60% used [0x00000000d72f0000, 0x00000000d73c5f00, 0x00000000d7450000)
  to   space 1408K,   0% used [0x00000000d7190000, 0x00000000d7190000, 0x00000000d72f0000)
 tenured generation   total 29244K, used 29206K [0x00000000e0ca0000, 0x00000000e292f000, 0x00000000f5a00000)
   the space 29244K,  99% used [0x00000000e0ca0000, 0x00000000e29259c0, 0x00000000e2925a00, 0x00000000e292f000)
 compacting perm gen  total 34048K, used 34031K [0x00000000f5a00000, 0x00000000f7b40000, 0x0000000100000000)
   the space 34048K,  99% used [0x00000000f5a00000, 0x00000000f7b3bde0, 0x00000000f7b3be00, 0x00000000f7b40000)
No shared spaces configured.

