# JRE version: OpenJDK Runtime Environment (7.0_75-b13) (build 1.7.0_75-b13)
# Java VM: OpenJDK 64-Bit Server VM (24.75-b04 mixed mode linux-amd64 compressed oops)
Heap
 def new generation   total 4800K, used 1149K [0x00000000d6600000, 0x00000000d6b30000, 0x00000000e0ca0000)
  eden space 4288K,  20% used [0x00000000d6600000, 0x00000000d66df858, 0x00000000d6a30000)
  from space 512K,  49% used [0x00000000d6ab0000, 0x00000000d6aefbc0, 0x00000000d6b30000)
  to   space 512K,   0% used [0x00000000d6a30000, 0x00000000d6a30000, 0x00000000d6ab0000)
 tenured generation   total 10688K, used 8128K [0x00000000e0ca0000, 0x00000000e1710000, 0x00000000f5a00000)
   the space 10688K,  76% used [0x00000000e0ca0000, 0x00000000e14900c0, 0x00000000e1490200, 0x00000000e1710000)
 compacting perm gen  total 21248K, used 17275K [0x00000000f5a00000, 0x00000000f6ec0000, 0x0000000100000000)
   the space 21248K,  81% used [0x00000000f5a00000, 0x00000000f6adee28, 0x00000000f6adf000, 0x00000000f6ec0000)
GC Heap History (10 events):
Event: 215.210 GC heap before
{Heap before GC invocations=38 (full 0):
 def new generation   total 4800K, used 4799K [0x00000000d6600000, 0x00000000d6b30000, 0x00000000e0ca0000)
  eden space 4288K, 100% used [0x00000000d6600000, 0x00000000d6a30000, 0x00000000d6a30000)
  from space 512K,  99% used [0x00000000d6a30000, 0x00000000d6aaff38, 0x00000000d6ab0000)
  to   space 512K,   0% used [0x00000000d6ab0000, 0x00000000d6ab0000, 0x00000000d6b30000)
 tenured generation   total 10688K, used 7663K [0x00000000e0ca0000, 0x00000000e1710000, 0x00000000f5a00000)
   the space 10688K,  71% used [0x00000000e0ca0000, 0x00000000e141bcd8, 0x00000000e141be00, 0x00000000e1710000)
 compacting perm gen  total 21248K, used 16575K [0x00000000f5a00000, 0x00000000f6ec0000, 0x0000000100000000)
   the space 21248K,  78% used [0x00000000f5a00000, 0x00000000f6a2fc30, 0x00000000f6a2fe00, 0x00000000f6ec0000)
No shared spaces configured.
Event: 215.441 GC heap after
Heap after GC invocations=39 (full 0):
 def new generation   total 4800K, used 462K [0x00000000d6600000, 0x00000000d6b30000, 0x00000000e0ca0000)
  eden space 4288K,   0% used [0x00000000d6600000, 0x00000000d6600000, 0x00000000d6a30000)
  from space 512K,  90% used [0x00000000d6ab0000, 0x00000000d6b23928, 0x00000000d6b30000)
  to   space 512K,   0% used [0x00000000d6a30000, 0x00000000d6a30000, 0x00000000d6ab0000)
 tenured generation   total 10688K, used 7872K [0x00000000e0ca0000, 0x00000000e1710000, 0x00000000f5a00000)
   the space 10688K,  73% used [0x00000000e0ca0000, 0x00000000e1450230, 0x00000000e1450400, 0x00000000e1710000)
 compacting perm gen  total 21248K, used 16575K [0x00000000f5a00000, 0x00000000f6ec0000, 0x0000000100000000)
   the space 21248K,  78% used [0x00000000f5a00000, 0x00000000f6a2fc30, 0x00000000f6a2fe00, 0x00000000f6ec0000)
No shared spaces configured.
}
Event: 305.291 GC heap before
{Heap before GC invocations=39 (full 0):
 def new generation   total 4800K, used 4750K [0x00000000d6600000, 0x00000000d6b30000, 0x00000000e0ca0000)
  eden space 4288K, 100% used [0x00000000d6600000, 0x00000000d6a30000, 0x00000000d6a30000)
  from space 512K,  90% used [0x00000000d6ab0000, 0x00000000d6b23928, 0x00000000d6b30000)
  to   space 512K,   0% used [0x00000000d6a30000, 0x00000000d6a30000, 0x00000000d6ab0000)
 tenured generation   total 10688K, used 7872K [0x00000000e0ca0000, 0x00000000e1710000, 0x00000000f5a00000)
   the space 10688K,  73% used [0x00000000e0ca0000, 0x00000000e1450230, 0x00000000e1450400, 0x00000000e1710000)
 compacting perm gen  total 21248K, used 16940K [0x00000000f5a00000, 0x00000000f6ec0000, 0x0000000100000000)
   the space 21248K,  79% used [0x00000000f5a00000, 0x00000000f6a8b238, 0x00000000f6a8b400, 0x00000000f6ec0000)
No shared spaces configured.
Event: 305.777 GC heap after
Heap after GC invocations=40 (full 0):
 def new generation   total 4800K, used 406K [0x00000000d6600000, 0x00000000d6b30000, 0x00000000e0ca0000)
  eden space 4288K,   0% used [0x00000000d6600000, 0x00000000d6600000, 0x00000000d6a30000)
  from space 512K,  79% used [0x00000000d6a30000, 0x00000000d6a95930, 0x00000000d6ab0000)
  to   space 512K,   0% used [0x00000000d6ab0000, 0x00000000d6ab0000, 0x00000000d6b30000)
 tenured generation   total 10688K, used 7978K [0x00000000e0ca0000, 0x00000000e1710000, 0x00000000f5a00000)
   the space 10688K,  74% used [0x00000000e0ca0000, 0x00000000e146a8c0, 0x00000000e146aa00, 0x00000000e1710000)
 compacting perm gen  total 21248K, used 16940K [0x00000000f5a00000, 0x00000000f6ec0000, 0x0000000100000000)
   the space 21248K,  79% used [0x00000000f5a00000, 0x00000000f6a8b238, 0x00000000f6a8b400, 0x00000000f6ec0000)
No shared spaces configured.
}
Event: 366.547 GC heap before
{Heap before GC invocations=40 (full 0):
 def new generation   total 4800K, used 4694K [0x00000000d6600000, 0x00000000d6b30000, 0x00000000e0ca0000)
  eden space 4288K, 100% used [0x00000000d6600000, 0x00000000d6a30000, 0x00000000d6a30000)
  from space 512K,  79% used [0x00000000d6a30000, 0x00000000d6a95930, 0x00000000d6ab0000)
  to   space 512K,   0% used [0x00000000d6ab0000, 0x00000000d6ab0000, 0x00000000d6b30000)
 tenured generation   total 10688K, used 7978K [0x00000000e0ca0000, 0x00000000e1710000, 0x00000000f5a00000)
   the space 10688K,  74% used [0x00000000e0ca0000, 0x00000000e146a8c0, 0x00000000e146aa00, 0x00000000e1710000)
 compacting perm gen  total 21248K, used 17016K [0x00000000f5a00000, 0x00000000f6ec0000, 0x0000000100000000)
   the space 21248K,  80% used [0x00000000f5a00000, 0x00000000f6a9e0d0, 0x00000000f6a9e200, 0x00000000f6ec0000)
No shared spaces configured.
Event: 367.156 GC heap after
Heap after GC invocations=41 (full 0):
 def new generation   total 4800K, used 150K [0x00000000d6600000, 0x00000000d6b30000, 0x00000000e0ca0000)
  eden space 4288K,   0% used [0x00000000d6600000, 0x00000000d6600000, 0x00000000d6a30000)
  from space 512K,  29% used [0x00000000d6ab0000, 0x00000000d6ad5880, 0x00000000d6b30000)
  to   space 512K,   0% used [0x00000000d6a30000, 0x00000000d6a30000, 0x00000000d6ab0000)
 tenured generation   total 10688K, used 8128K [0x00000000e0ca0000, 0x00000000e1710000, 0x00000000f5a00000)
   the space 10688K,  76% used [0x00000000e0ca0000, 0x00000000e14900c0, 0x00000000e1490200, 0x00000000e1710000)
 compacting perm gen  total 21248K, used 17016K [0x00000000f5a00000, 0x00000000f6ec0000, 0x0000000100000000)
   the space 21248K,  80% used [0x00000000f5a00000, 0x00000000f6a9e0d0, 0x00000000f6a9e200, 0x00000000f6ec0000)
No shared spaces configured.
}
Event: 440.349 GC heap before
{Heap before GC invocations=41 (full 0):
 def new generation   total 4800K, used 4438K [0x00000000d6600000, 0x00000000d6b30000, 0x00000000e0ca0000)
  eden space 4288K, 100% used [0x00000000d6600000, 0x00000000d6a30000, 0x00000000d6a30000)
  from space 512K,  29% used [0x00000000d6ab0000, 0x00000000d6ad5880, 0x00000000d6b30000)
  to   space 512K,   0% used [0x00000000d6a30000, 0x00000000d6a30000, 0x00000000d6ab0000)
 tenured generation   total 10688K, used 8128K [0x00000000e0ca0000, 0x00000000e1710000, 0x00000000f5a00000)
   the space 10688K,  76% used [0x00000000e0ca0000, 0x00000000e14900c0, 0x00000000e1490200, 0x00000000e1710000)
 compacting perm gen  total 21248K, used 17115K [0x00000000f5a00000, 0x00000000f6ec0000, 0x0000000100000000)
   the space 21248K,  80% used [0x00000000f5a00000, 0x00000000f6ab6f30, 0x00000000f6ab7000, 0x00000000f6ec0000)
No shared spaces configured.
Event: 441.324 GC heap after
Heap after GC invocations=42 (full 0):
 def new generation   total 4800K, used 210K [0x00000000d6600000, 0x00000000d6b30000, 0x00000000e0ca0000)
  eden space 4288K,   0% used [0x00000000d6600000, 0x00000000d6600000, 0x00000000d6a30000)
  from space 512K,  41% used [0x00000000d6a30000, 0x00000000d6a649d0, 0x00000000d6ab0000)
  to   space 512K,   0% used [0x00000000d6ab0000, 0x00000000d6ab0000, 0x00000000d6b30000)
 tenured generation   total 10688K, used 8128K [0x00000000e0ca0000, 0x00000000e1710000, 0x00000000f5a00000)
   the space 10688K,  76% used [0x00000000e0ca0000, 0x00000000e14900c0, 0x00000000e1490200, 0x00000000e1710000)
 compacting perm gen  total 21248K, used 17115K [0x00000000f5a00000, 0x00000000f6ec0000, 0x0000000100000000)
   the space 21248K,  80% used [0x00000000f5a00000, 0x00000000f6ab6f30, 0x00000000f6ab7000, 0x00000000f6ec0000)
No shared spaces configured.
}
Event: 554.845 GC heap before
{Heap before GC invocations=42 (full 0):
 def new generation   total 4800K, used 4498K [0x00000000d6600000, 0x00000000d6b30000, 0x00000000e0ca0000)
  eden space 4288K, 100% used [0x00000000d6600000, 0x00000000d6a30000, 0x00000000d6a30000)
  from space 512K,  41% used [0x00000000d6a30000, 0x00000000d6a649d0, 0x00000000d6ab0000)
  to   space 512K,   0% used [0x00000000d6ab0000, 0x00000000d6ab0000, 0x00000000d6b30000)
 tenured generation   total 10688K, used 8128K [0x00000000e0ca0000, 0x00000000e1710000, 0x00000000f5a00000)
   the space 10688K,  76% used [0x00000000e0ca0000, 0x00000000e14900c0, 0x00000000e1490200, 0x00000000e1710000)
 compacting perm gen  total 21248K, used 17256K [0x00000000f5a00000, 0x00000000f6ec0000, 0x0000000100000000)
   the space 21248K,  81% used [0x00000000f5a00000, 0x00000000f6ada248, 0x00000000f6ada400, 0x00000000f6ec0000)
No shared spaces configured.
Event: 555.966 GC heap after
Heap after GC invocations=43 (full 0):
 def new generation   total 4800K, used 254K [0x00000000d6600000, 0x00000000d6b30000, 0x00000000e0ca0000)
  eden space 4288K,   0% used [0x00000000d6600000, 0x00000000d6600000, 0x00000000d6a30000)
  from space 512K,  49% used [0x00000000d6ab0000, 0x00000000d6aefbc0, 0x00000000d6b30000)
  to   space 512K,   0% used [0x00000000d6a30000, 0x00000000d6a30000, 0x00000000d6ab0000)
 tenured generation   total 10688K, used 8128K [0x00000000e0ca0000, 0x00000000e1710000, 0x00000000f5a00000)
   the space 10688K,  76% used [0x00000000e0ca0000, 0x00000000e14900c0, 0x00000000e1490200, 0x00000000e1710000)
 compacting perm gen  total 21248K, used 17256K [0x00000000f5a00000, 0x00000000f6ec0000, 0x0000000100000000)
   the space 21248K,  81% used [0x00000000f5a00000, 0x00000000f6ada248, 0x00000000f6ada400, 0x00000000f6ec0000)
No shared spaces configured.
}

