# JRE version: OpenJDK Runtime Environment (7.0_75-b13) (build 1.7.0_75-b13)
# Java VM: OpenJDK 64-Bit Server VM (24.75-b04 mixed mode linux-amd64 compressed oops)
Heap
 def new generation   total 4800K, used 0K [0x00000000d6600000, 0x00000000d6b30000, 0x00000000e0ca0000)
  eden space 4288K,   0% used [0x00000000d6600000, 0x00000000d6600000, 0x00000000d6a30000)
  from space 512K,   0% used [0x00000000d6a30000, 0x00000000d6a30000, 0x00000000d6ab0000)
  to   space 512K,   0% used [0x00000000d6ab0000, 0x00000000d6ab0000, 0x00000000d6b30000)
 tenured generation   total 10880K, used 10843K [0x00000000e0ca0000, 0x00000000e1740000, 0x00000000f5a00000)
   the space 10880K,  99% used [0x00000000e0ca0000, 0x00000000e1736d60, 0x00000000e1736e00, 0x00000000e1740000)
 compacting perm gen  total 25408K, used 25327K [0x00000000f5a00000, 0x00000000f72d0000, 0x0000000100000000)
   the space 25408K,  99% used [0x00000000f5a00000, 0x00000000f72bbed0, 0x00000000f72bc000, 0x00000000f72d0000)
GC Heap History (10 events):
Event: 6.889 GC heap after
Heap after GC invocations=59 (full 0):
 def new generation   total 4800K, used 195K [0x00000000d6600000, 0x00000000d6b30000, 0x00000000e0ca0000)
  eden space 4288K,   0% used [0x00000000d6600000, 0x00000000d6600000, 0x00000000d6a30000)
  from space 512K,  38% used [0x00000000d6ab0000, 0x00000000d6ae0c80, 0x00000000d6b30000)
  to   space 512K,   0% used [0x00000000d6a30000, 0x00000000d6a30000, 0x00000000d6ab0000)
 tenured generation   total 10688K, used 10465K [0x00000000e0ca0000, 0x00000000e1710000, 0x00000000f5a00000)
   the space 10688K,  97% used [0x00000000e0ca0000, 0x00000000e16d8518, 0x00000000e16d8600, 0x00000000e1710000)
 compacting perm gen  total 25088K, used 24937K [0x00000000f5a00000, 0x00000000f7280000, 0x0000000100000000)
   the space 25088K,  99% used [0x00000000f5a00000, 0x00000000f725a720, 0x00000000f725a800, 0x00000000f7280000)
No shared spaces configured.
}
Event: 6.981 GC heap before
{Heap before GC invocations=59 (full 0):
 def new generation   total 4800K, used 4483K [0x00000000d6600000, 0x00000000d6b30000, 0x00000000e0ca0000)
  eden space 4288K, 100% used [0x00000000d6600000, 0x00000000d6a30000, 0x00000000d6a30000)
  from space 512K,  38% used [0x00000000d6ab0000, 0x00000000d6ae0c80, 0x00000000d6b30000)
  to   space 512K,   0% used [0x00000000d6a30000, 0x00000000d6a30000, 0x00000000d6ab0000)
 tenured generation   total 10688K, used 10465K [0x00000000e0ca0000, 0x00000000e1710000, 0x00000000f5a00000)
   the space 10688K,  97% used [0x00000000e0ca0000, 0x00000000e16d8518, 0x00000000e16d8600, 0x00000000e1710000)
 compacting perm gen  total 25088K, used 24984K [0x00000000f5a00000, 0x00000000f7280000, 0x0000000100000000)
   the space 25088K,  99% used [0x00000000f5a00000, 0x00000000f72663a0, 0x00000000f7266400, 0x00000000f7280000)
No shared spaces configured.
Event: 6.987 GC heap after
Heap after GC invocations=60 (full 0):
 def new generation   total 4800K, used 190K [0x00000000d6600000, 0x00000000d6b30000, 0x00000000e0ca0000)
  eden space 4288K,   0% used [0x00000000d6600000, 0x00000000d6600000, 0x00000000d6a30000)
  from space 512K,  37% used [0x00000000d6a30000, 0x00000000d6a5f850, 0x00000000d6ab0000)
  to   space 512K,   0% used [0x00000000d6ab0000, 0x00000000d6ab0000, 0x00000000d6b30000)
 tenured generation   total 10688K, used 10465K [0x00000000e0ca0000, 0x00000000e1710000, 0x00000000f5a00000)
   the space 10688K,  97% used [0x00000000e0ca0000, 0x00000000e16d8518, 0x00000000e16d8600, 0x00000000e1710000)
 compacting perm gen  total 25088K, used 24984K [0x00000000f5a00000, 0x00000000f7280000, 0x0000000100000000)
   the space 25088K,  99% used [0x00000000f5a00000, 0x00000000f72663a0, 0x00000000f7266400, 0x00000000f7280000)
No shared spaces configured.
}
Event: 7.162 GC heap before
{Heap before GC invocations=60 (full 0):
 def new generation   total 4800K, used 4478K [0x00000000d6600000, 0x00000000d6b30000, 0x00000000e0ca0000)
  eden space 4288K, 100% used [0x00000000d6600000, 0x00000000d6a30000, 0x00000000d6a30000)
  from space 512K,  37% used [0x00000000d6a30000, 0x00000000d6a5f850, 0x00000000d6ab0000)
  to   space 512K,   0% used [0x00000000d6ab0000, 0x00000000d6ab0000, 0x00000000d6b30000)
 tenured generation   total 10688K, used 10465K [0x00000000e0ca0000, 0x00000000e1710000, 0x00000000f5a00000)
   the space 10688K,  97% used [0x00000000e0ca0000, 0x00000000e16d8518, 0x00000000e16d8600, 0x00000000e1710000)
 compacting perm gen  total 25088K, used 25078K [0x00000000f5a00000, 0x00000000f7280000, 0x0000000100000000)
   the space 25088K,  99% used [0x00000000f5a00000, 0x00000000f727d8f0, 0x00000000f727da00, 0x00000000f7280000)
No shared spaces configured.
Event: 7.169 GC heap after
Heap after GC invocations=61 (full 0):
 def new generation   total 4800K, used 320K [0x00000000d6600000, 0x00000000d6b30000, 0x00000000e0ca0000)
  eden space 4288K,   0% used [0x00000000d6600000, 0x00000000d6600000, 0x00000000d6a30000)
  from space 512K,  62% used [0x00000000d6ab0000, 0x00000000d6b000e8, 0x00000000d6b30000)
  to   space 512K,   0% used [0x00000000d6a30000, 0x00000000d6a30000, 0x00000000d6ab0000)
 tenured generation   total 10688K, used 10465K [0x00000000e0ca0000, 0x00000000e1710000, 0x00000000f5a00000)
   the space 10688K,  97% used [0x00000000e0ca0000, 0x00000000e16d8518, 0x00000000e16d8600, 0x00000000e1710000)
 compacting perm gen  total 25088K, used 25078K [0x00000000f5a00000, 0x00000000f7280000, 0x0000000100000000)
   the space 25088K,  99% used [0x00000000f5a00000, 0x00000000f727d8f0, 0x00000000f727da00, 0x00000000f7280000)
No shared spaces configured.
}
Event: 7.193 GC heap before
{Heap before GC invocations=61 (full 0):
 def new generation   total 4800K, used 4608K [0x00000000d6600000, 0x00000000d6b30000, 0x00000000e0ca0000)
  eden space 4288K, 100% used [0x00000000d6600000, 0x00000000d6a30000, 0x00000000d6a30000)
  from space 512K,  62% used [0x00000000d6ab0000, 0x00000000d6b000e8, 0x00000000d6b30000)
  to   space 512K,   0% used [0x00000000d6a30000, 0x00000000d6a30000, 0x00000000d6ab0000)
 tenured generation   total 10688K, used 10465K [0x00000000e0ca0000, 0x00000000e1710000, 0x00000000f5a00000)
   the space 10688K,  97% used [0x00000000e0ca0000, 0x00000000e16d8518, 0x00000000e16d8600, 0x00000000e1710000)
 compacting perm gen  total 25408K, used 25203K [0x00000000f5a00000, 0x00000000f72d0000, 0x0000000100000000)
   the space 25408K,  99% used [0x00000000f5a00000, 0x00000000f729ce18, 0x00000000f729d000, 0x00000000f72d0000)
No shared spaces configured.
Event: 7.197 GC heap after
Heap after GC invocations=62 (full 0):
 def new generation   total 4800K, used 270K [0x00000000d6600000, 0x00000000d6b30000, 0x00000000e0ca0000)
  eden space 4288K,   0% used [0x00000000d6600000, 0x00000000d6600000, 0x00000000d6a30000)
  from space 512K,  52% used [0x00000000d6a30000, 0x00000000d6a73be0, 0x00000000d6ab0000)
  to   space 512K,   0% used [0x00000000d6ab0000, 0x00000000d6ab0000, 0x00000000d6b30000)
 tenured generation   total 10688K, used 10557K [0x00000000e0ca0000, 0x00000000e1710000, 0x00000000f5a00000)
   the space 10688K,  98% used [0x00000000e0ca0000, 0x00000000e16ef6e8, 0x00000000e16ef800, 0x00000000e1710000)
 compacting perm gen  total 25408K, used 25203K [0x00000000f5a00000, 0x00000000f72d0000, 0x0000000100000000)
   the space 25408K,  99% used [0x00000000f5a00000, 0x00000000f729ce18, 0x00000000f729d000, 0x00000000f72d0000)
No shared spaces configured.
}
Event: 7.288 GC heap before
{Heap before GC invocations=62 (full 0):
 def new generation   total 4800K, used 4558K [0x00000000d6600000, 0x00000000d6b30000, 0x00000000e0ca0000)
  eden space 4288K, 100% used [0x00000000d6600000, 0x00000000d6a30000, 0x00000000d6a30000)
  from space 512K,  52% used [0x00000000d6a30000, 0x00000000d6a73be0, 0x00000000d6ab0000)
  to   space 512K,   0% used [0x00000000d6ab0000, 0x00000000d6ab0000, 0x00000000d6b30000)
 tenured generation   total 10688K, used 10557K [0x00000000e0ca0000, 0x00000000e1710000, 0x00000000f5a00000)
   the space 10688K,  98% used [0x00000000e0ca0000, 0x00000000e16ef6e8, 0x00000000e16ef800, 0x00000000e1710000)
 compacting perm gen  total 25408K, used 25304K [0x00000000f5a00000, 0x00000000f72d0000, 0x0000000100000000)
   the space 25408K,  99% used [0x00000000f5a00000, 0x00000000f72b63c0, 0x00000000f72b6400, 0x00000000f72d0000)
No shared spaces configured.
Event: 7.297 GC heap after
Heap after GC invocations=63 (full 0):
 def new generation   total 4800K, used 452K [0x00000000d6600000, 0x00000000d6b30000, 0x00000000e0ca0000)
  eden space 4288K,   0% used [0x00000000d6600000, 0x00000000d6600000, 0x00000000d6a30000)
  from space 512K,  88% used [0x00000000d6ab0000, 0x00000000d6b213c0, 0x00000000d6b30000)
  to   space 512K,   0% used [0x00000000d6a30000, 0x00000000d6a30000, 0x00000000d6ab0000)
 tenured generation   total 10688K, used 10593K [0x00000000e0ca0000, 0x00000000e1710000, 0x00000000f5a00000)
   the space 10688K,  99% used [0x00000000e0ca0000, 0x00000000e16f84a0, 0x00000000e16f8600, 0x00000000e1710000)
 compacting perm gen  total 25408K, used 25304K [0x00000000f5a00000, 0x00000000f72d0000, 0x0000000100000000)
   the space 25408K,  99% used [0x00000000f5a00000, 0x00000000f72b63c0, 0x00000000f72b6400, 0x00000000f72d0000)
No shared spaces configured.
}
Event: 7.322 GC heap before
{Heap before GC invocations=63 (full 0):
 def new generation   total 4800K, used 4740K [0x00000000d6600000, 0x00000000d6b30000, 0x00000000e0ca0000)
  eden space 4288K, 100% used [0x00000000d6600000, 0x00000000d6a30000, 0x00000000d6a30000)
  from space 512K,  88% used [0x00000000d6ab0000, 0x00000000d6b213c0, 0x00000000d6b30000)
  to   space 512K,   0% used [0x00000000d6a30000, 0x00000000d6a30000, 0x00000000d6ab0000)
 tenured generation   total 10688K, used 10593K [0x00000000e0ca0000, 0x00000000e1710000, 0x00000000f5a00000)
   the space 10688K,  99% used [0x00000000e0ca0000, 0x00000000e16f84a0, 0x00000000e16f8600, 0x00000000e1710000)
 compacting perm gen  total 25408K, used 25327K [0x00000000f5a00000, 0x00000000f72d0000, 0x0000000100000000)
   the space 25408K,  99% used [0x00000000f5a00000, 0x00000000f72bbed0, 0x00000000f72bc000, 0x00000000f72d0000)
No shared spaces configured.

