# JRE version: OpenJDK Runtime Environment (7.0_75-b13) (build 1.7.0_75-b13)
# Java VM: OpenJDK 64-Bit Server VM (24.75-b04 mixed mode linux-amd64 compressed oops)
Heap
 def new generation   total 7872K, used 0K [0x00000000d6600000, 0x00000000d6e80000, 0x00000000e0ca0000)
  eden space 7040K,   0% used [0x00000000d6600000, 0x00000000d6600000, 0x00000000d6ce0000)
  from space 832K,   0% used [0x00000000d6db0000, 0x00000000d6db0000, 0x00000000d6e80000)
  to   space 832K,   0% used [0x00000000d6ce0000, 0x00000000d6ce0000, 0x00000000d6db0000)
 tenured generation   total 17500K, used 17186K [0x00000000e0ca0000, 0x00000000e1db7000, 0x00000000f5a00000)
   the space 17500K,  98% used [0x00000000e0ca0000, 0x00000000e1d689b0, 0x00000000e1d68a00, 0x00000000e1db7000)
 compacting perm gen  total 29568K, used 29497K [0x00000000f5a00000, 0x00000000f76e0000, 0x0000000100000000)
   the space 29568K,  99% used [0x00000000f5a00000, 0x00000000f76ce428, 0x00000000f76ce600, 0x00000000f76e0000)
GC Heap History (10 events):
Event: 6.540 GC heap after
Heap after GC invocations=111 (full 1):
 def new generation   total 7872K, used 431K [0x00000000d6600000, 0x00000000d6e80000, 0x00000000e0ca0000)
  eden space 7040K,   0% used [0x00000000d6600000, 0x00000000d6600000, 0x00000000d6ce0000)
  from space 832K,  51% used [0x00000000d6ce0000, 0x00000000d6d4bf88, 0x00000000d6db0000)
  to   space 832K,   0% used [0x00000000d6db0000, 0x00000000d6db0000, 0x00000000d6e80000)
 tenured generation   total 17308K, used 17030K [0x00000000e0ca0000, 0x00000000e1d87000, 0x00000000f5a00000)
   the space 17308K,  98% used [0x00000000e0ca0000, 0x00000000e1d41bc8, 0x00000000e1d41c00, 0x00000000e1d87000)
 compacting perm gen  total 28928K, used 28781K [0x00000000f5a00000, 0x00000000f7640000, 0x0000000100000000)
   the space 28928K,  99% used [0x00000000f5a00000, 0x00000000f761b4c0, 0x00000000f761b600, 0x00000000f7640000)
No shared spaces configured.
}
Event: 6.591 GC heap before
{Heap before GC invocations=111 (full 1):
 def new generation   total 7872K, used 7471K [0x00000000d6600000, 0x00000000d6e80000, 0x00000000e0ca0000)
  eden space 7040K, 100% used [0x00000000d6600000, 0x00000000d6ce0000, 0x00000000d6ce0000)
  from space 832K,  51% used [0x00000000d6ce0000, 0x00000000d6d4bf88, 0x00000000d6db0000)
  to   space 832K,   0% used [0x00000000d6db0000, 0x00000000d6db0000, 0x00000000d6e80000)
 tenured generation   total 17308K, used 17030K [0x00000000e0ca0000, 0x00000000e1d87000, 0x00000000f5a00000)
   the space 17308K,  98% used [0x00000000e0ca0000, 0x00000000e1d41bc8, 0x00000000e1d41c00, 0x00000000e1d87000)
 compacting perm gen  total 28928K, used 28872K [0x00000000f5a00000, 0x00000000f7640000, 0x0000000100000000)
   the space 28928K,  99% used [0x00000000f5a00000, 0x00000000f76323a8, 0x00000000f7632400, 0x00000000f7640000)
No shared spaces configured.
Event: 6.594 GC heap after
Heap after GC invocations=112 (full 1):
 def new generation   total 7872K, used 424K [0x00000000d6600000, 0x00000000d6e80000, 0x00000000e0ca0000)
  eden space 7040K,   0% used [0x00000000d6600000, 0x00000000d6600000, 0x00000000d6ce0000)
  from space 832K,  51% used [0x00000000d6db0000, 0x00000000d6e1a2b0, 0x00000000d6e80000)
  to   space 832K,   0% used [0x00000000d6ce0000, 0x00000000d6ce0000, 0x00000000d6db0000)
 tenured generation   total 17308K, used 17048K [0x00000000e0ca0000, 0x00000000e1d87000, 0x00000000f5a00000)
   the space 17308K,  98% used [0x00000000e0ca0000, 0x00000000e1d46078, 0x00000000e1d46200, 0x00000000e1d87000)
 compacting perm gen  total 28928K, used 28872K [0x00000000f5a00000, 0x00000000f7640000, 0x0000000100000000)
   the space 28928K,  99% used [0x00000000f5a00000, 0x00000000f76323a8, 0x00000000f7632400, 0x00000000f7640000)
No shared spaces configured.
}
Event: 6.651 GC heap before
{Heap before GC invocations=112 (full 1):
 def new generation   total 7872K, used 7464K [0x00000000d6600000, 0x00000000d6e80000, 0x00000000e0ca0000)
  eden space 7040K, 100% used [0x00000000d6600000, 0x00000000d6ce0000, 0x00000000d6ce0000)
  from space 832K,  51% used [0x00000000d6db0000, 0x00000000d6e1a2b0, 0x00000000d6e80000)
  to   space 832K,   0% used [0x00000000d6ce0000, 0x00000000d6ce0000, 0x00000000d6db0000)
 tenured generation   total 17308K, used 17048K [0x00000000e0ca0000, 0x00000000e1d87000, 0x00000000f5a00000)
   the space 17308K,  98% used [0x00000000e0ca0000, 0x00000000e1d46078, 0x00000000e1d46200, 0x00000000e1d87000)
 compacting perm gen  total 29248K, used 29009K [0x00000000f5a00000, 0x00000000f7690000, 0x0000000100000000)
   the space 29248K,  99% used [0x00000000f5a00000, 0x00000000f7654548, 0x00000000f7654600, 0x00000000f7690000)
No shared spaces configured.
Event: 6.654 GC heap after
Heap after GC invocations=113 (full 1):
 def new generation   total 7872K, used 331K [0x00000000d6600000, 0x00000000d6e80000, 0x00000000e0ca0000)
  eden space 7040K,   0% used [0x00000000d6600000, 0x00000000d6600000, 0x00000000d6ce0000)
  from space 832K,  39% used [0x00000000d6ce0000, 0x00000000d6d32e40, 0x00000000d6db0000)
  to   space 832K,   0% used [0x00000000d6db0000, 0x00000000d6db0000, 0x00000000d6e80000)
 tenured generation   total 17308K, used 17118K [0x00000000e0ca0000, 0x00000000e1d87000, 0x00000000f5a00000)
   the space 17308K,  98% used [0x00000000e0ca0000, 0x00000000e1d57a48, 0x00000000e1d57c00, 0x00000000e1d87000)
 compacting perm gen  total 29248K, used 29009K [0x00000000f5a00000, 0x00000000f7690000, 0x0000000100000000)
   the space 29248K,  99% used [0x00000000f5a00000, 0x00000000f7654548, 0x00000000f7654600, 0x00000000f7690000)
No shared spaces configured.
}
Event: 6.706 GC heap before
{Heap before GC invocations=113 (full 1):
 def new generation   total 7872K, used 7371K [0x00000000d6600000, 0x00000000d6e80000, 0x00000000e0ca0000)
  eden space 7040K, 100% used [0x00000000d6600000, 0x00000000d6ce0000, 0x00000000d6ce0000)
  from space 832K,  39% used [0x00000000d6ce0000, 0x00000000d6d32e40, 0x00000000d6db0000)
  to   space 832K,   0% used [0x00000000d6db0000, 0x00000000d6db0000, 0x00000000d6e80000)
 tenured generation   total 17308K, used 17118K [0x00000000e0ca0000, 0x00000000e1d87000, 0x00000000f5a00000)
   the space 17308K,  98% used [0x00000000e0ca0000, 0x00000000e1d57a48, 0x00000000e1d57c00, 0x00000000e1d87000)
 compacting perm gen  total 29248K, used 29102K [0x00000000f5a00000, 0x00000000f7690000, 0x0000000100000000)
   the space 29248K,  99% used [0x00000000f5a00000, 0x00000000f766bbe0, 0x00000000f766bc00, 0x00000000f7690000)
No shared spaces configured.
Event: 6.709 GC heap after
Heap after GC invocations=114 (full 1):
 def new generation   total 7872K, used 527K [0x00000000d6600000, 0x00000000d6e80000, 0x00000000e0ca0000)
  eden space 7040K,   0% used [0x00000000d6600000, 0x00000000d6600000, 0x00000000d6ce0000)
  from space 832K,  63% used [0x00000000d6db0000, 0x00000000d6e33ee0, 0x00000000d6e80000)
  to   space 832K,   0% used [0x00000000d6ce0000, 0x00000000d6ce0000, 0x00000000d6db0000)
 tenured generation   total 17308K, used 17118K [0x00000000e0ca0000, 0x00000000e1d87000, 0x00000000f5a00000)
   the space 17308K,  98% used [0x00000000e0ca0000, 0x00000000e1d57a48, 0x00000000e1d57c00, 0x00000000e1d87000)
 compacting perm gen  total 29248K, used 29102K [0x00000000f5a00000, 0x00000000f7690000, 0x0000000100000000)
   the space 29248K,  99% used [0x00000000f5a00000, 0x00000000f766bbe0, 0x00000000f766bc00, 0x00000000f7690000)
No shared spaces configured.
}
Event: 6.760 GC heap before
{Heap before GC invocations=114 (full 1):
 def new generation   total 7872K, used 7567K [0x00000000d6600000, 0x00000000d6e80000, 0x00000000e0ca0000)
  eden space 7040K, 100% used [0x00000000d6600000, 0x00000000d6ce0000, 0x00000000d6ce0000)
  from space 832K,  63% used [0x00000000d6db0000, 0x00000000d6e33ee0, 0x00000000d6e80000)
  to   space 832K,   0% used [0x00000000d6ce0000, 0x00000000d6ce0000, 0x00000000d6db0000)
 tenured generation   total 17308K, used 17118K [0x00000000e0ca0000, 0x00000000e1d87000, 0x00000000f5a00000)
   the space 17308K,  98% used [0x00000000e0ca0000, 0x00000000e1d57a48, 0x00000000e1d57c00, 0x00000000e1d87000)
 compacting perm gen  total 29568K, used 29324K [0x00000000f5a00000, 0x00000000f76e0000, 0x0000000100000000)
   the space 29568K,  99% used [0x00000000f5a00000, 0x00000000f76a30e8, 0x00000000f76a3200, 0x00000000f76e0000)
No shared spaces configured.
Event: 6.765 GC heap after
Heap after GC invocations=115 (full 1):
 def new generation   total 7872K, used 422K [0x00000000d6600000, 0x00000000d6e80000, 0x00000000e0ca0000)
  eden space 7040K,   0% used [0x00000000d6600000, 0x00000000d6600000, 0x00000000d6ce0000)
  from space 832K,  50% used [0x00000000d6ce0000, 0x00000000d6d499f8, 0x00000000d6db0000)
  to   space 832K,   0% used [0x00000000d6db0000, 0x00000000d6db0000, 0x00000000d6e80000)
 tenured generation   total 17308K, used 17295K [0x00000000e0ca0000, 0x00000000e1d87000, 0x00000000f5a00000)
   the space 17308K,  99% used [0x00000000e0ca0000, 0x00000000e1d83c40, 0x00000000e1d83e00, 0x00000000e1d87000)
 compacting perm gen  total 29568K, used 29324K [0x00000000f5a00000, 0x00000000f76e0000, 0x0000000100000000)
   the space 29568K,  99% used [0x00000000f5a00000, 0x00000000f76a30e8, 0x00000000f76a3200, 0x00000000f76e0000)
No shared spaces configured.
}
Event: 6.814 GC heap before
{Heap before GC invocations=115 (full 1):
 def new generation   total 7872K, used 7462K [0x00000000d6600000, 0x00000000d6e80000, 0x00000000e0ca0000)
  eden space 7040K, 100% used [0x00000000d6600000, 0x00000000d6ce0000, 0x00000000d6ce0000)
  from space 832K,  50% used [0x00000000d6ce0000, 0x00000000d6d499f8, 0x00000000d6db0000)
  to   space 832K,   0% used [0x00000000d6db0000, 0x00000000d6db0000, 0x00000000d6e80000)
 tenured generation   total 17308K, used 17295K [0x00000000e0ca0000, 0x00000000e1d87000, 0x00000000f5a00000)
   the space 17308K,  99% used [0x00000000e0ca0000, 0x00000000e1d83c40, 0x00000000e1d83e00, 0x00000000e1d87000)
 compacting perm gen  total 29568K, used 29497K [0x00000000f5a00000, 0x00000000f76e0000, 0x0000000100000000)
   the space 29568K,  99% used [0x00000000f5a00000, 0x00000000f76ce428, 0x00000000f76ce600, 0x00000000f76e0000)
No shared spaces configured.

